2025-04-22 22:56:40,038 [WARNING]  * Debugger is active!
2025-04-22 22:56:40,043 [INFO]  * Debugger PIN: 450-662-830
2025-04-22 22:56:44,134 [INFO]  * Detected change in '/Users/takumi/Desktop/StudyUdab/StudyUdub/app.py', reloading
2025-04-22 22:56:44,461 [WARNING]  * Debugger is active!
2025-04-22 22:56:44,466 [INFO]  * Debugger PIN: 450-662-830
2025-04-22 22:58:09,137 [INFO]  * Detected change in '/Users/takumi/Desktop/StudyUdab/StudyUdub/app.py', reloading
2025-04-22 22:58:09,551 [WARNING]  * Debugger is active!
2025-04-22 22:58:09,557 [INFO]  * Debugger PIN: 450-662-830
2025-04-22 22:58:34,104 [INFO]  * Detected change in '/Users/takumi/Desktop/StudyUdab/StudyUdub/app.py', reloading
2025-04-22 22:58:34,502 [WARNING]  * Debugger is active!
2025-04-22 22:58:34,508 [INFO]  * Debugger PIN: 450-662-830
2025-04-22 23:02:06,899 [INFO]  * Detected change in '/Users/takumi/Desktop/StudyUdab/StudyUdub/app.py', reloading
2025-04-22 23:02:07,348 [WARNING]  * Debugger is active!
2025-04-22 23:02:07,358 [INFO]  * Debugger PIN: 450-662-830
2025-04-22 23:02:12,456 [INFO]  * Detected change in '/Users/takumi/Desktop/StudyUdab/StudyUdub/app.py', reloading
2025-04-22 23:02:12,791 [WARNING]  * Debugger is active!
2025-04-22 23:02:12,796 [INFO]  * Debugger PIN: 450-662-830
2025-04-22 23:02:56,631 [INFO]  * Detected change in '/Users/takumi/Desktop/StudyUdab/StudyUdub/app.py', reloading
2025-04-22 23:02:57,079 [WARNING]  * Debugger is active!
2025-04-22 23:02:57,088 [INFO]  * Debugger PIN: 450-662-830
2025-04-22 23:04:53,467 [INFO]  * Detected change in '/Users/takumi/Desktop/StudyUdab/StudyUdub/app.py', reloading
2025-04-22 23:04:53,895 [WARNING]  * Debugger is active!
2025-04-22 23:04:53,902 [INFO]  * Debugger PIN: 450-662-830
2025-04-22 23:05:42,798 [INFO]  * Detected change in '/Users/takumi/Desktop/StudyUdab/StudyUdub/app.py', reloading
2025-04-22 23:05:43,238 [WARNING]  * Debugger is active!
2025-04-22 23:05:43,244 [INFO]  * Debugger PIN: 450-662-830
2025-04-22 23:07:53,033 [INFO]  * Detected change in '/Users/takumi/Desktop/StudyUdab/StudyUdub/app.py', reloading
2025-04-22 23:07:53,443 [WARNING]  * Debugger is active!
2025-04-22 23:07:53,448 [INFO]  * Debugger PIN: 450-662-830
2025-04-22 23:08:27,188 [INFO]  * Detected change in '/Users/takumi/Desktop/StudyUdab/StudyUdub/app.py', reloading
2025-04-22 23:08:27,688 [WARNING]  * Debugger is active!
2025-04-22 23:08:27,697 [INFO]  * Debugger PIN: 450-662-830
2025-04-22 23:08:43,036 [INFO]  * Detected change in '/Users/takumi/Desktop/StudyUdab/StudyUdub/app.py', reloading
2025-04-22 23:08:43,427 [WARNING]  * Debugger is active!
2025-04-22 23:08:43,431 [INFO]  * Debugger PIN: 450-662-830
2025-04-22 23:09:13,091 [INFO]  * Detected change in '/Users/takumi/Desktop/StudyUdab/StudyUdub/app.py', reloading
2025-04-22 23:09:13,583 [WARNING]  * Debugger is active!
2025-04-22 23:09:13,590 [INFO]  * Debugger PIN: 450-662-830
2025-04-22 23:10:06,637 [INFO]  * Detected change in '/Users/takumi/Desktop/StudyUdab/StudyUdub/app.py', reloading
2025-04-22 23:10:07,057 [WARNING]  * Debugger is active!
2025-04-22 23:10:07,063 [INFO]  * Debugger PIN: 450-662-830
2025-04-22 23:10:50,916 [INFO]  * Detected change in '/Users/takumi/Desktop/StudyUdab/StudyUdub/app.py', reloading
2025-04-22 23:10:51,360 [WARNING]  * Debugger is active!
2025-04-22 23:10:51,368 [INFO]  * Debugger PIN: 450-662-830
2025-04-22 23:11:25,035 [INFO]  * Detected change in '/Users/takumi/Desktop/StudyUdab/StudyUdub/app.py', reloading
2025-04-22 23:11:25,481 [WARNING]  * Debugger is active!
2025-04-22 23:11:25,487 [INFO]  * Debugger PIN: 450-662-830
2025-04-22 23:11:32,625 [INFO]  * Detected change in '/Users/takumi/Desktop/StudyUdab/StudyUdub/app.py', reloading
2025-04-22 23:11:32,972 [WARNING]  * Debugger is active!
2025-04-22 23:11:32,978 [INFO]  * Debugger PIN: 450-662-830
2025-04-22 23:11:39,117 [INFO]  * Detected change in '/Users/takumi/Desktop/StudyUdab/StudyUdub/app.py', reloading
2025-04-22 23:11:39,458 [WARNING]  * Debugger is active!
2025-04-22 23:11:39,462 [INFO]  * Debugger PIN: 450-662-830
2025-04-22 23:12:30,526 [INFO]  * Detected change in '/Users/takumi/Desktop/StudyUdab/StudyUdub/app.py', reloading
2025-04-22 23:12:30,990 [WARNING]  * Debugger is active!
2025-04-22 23:12:30,995 [INFO]  * Debugger PIN: 450-662-830
2025-04-22 23:12:35,089 [INFO]  * Detected change in '/Users/takumi/Desktop/StudyUdab/StudyUdub/app.py', reloading
2025-04-22 23:12:35,426 [WARNING]  * Debugger is active!
2025-04-22 23:12:35,431 [INFO]  * Debugger PIN: 450-662-830
2025-04-22 23:12:38,493 [INFO]  * Detected change in '/Users/takumi/Desktop/StudyUdab/StudyUdub/app.py', reloading
2025-04-22 23:12:38,850 [WARNING]  * Debugger is active!
2025-04-22 23:12:38,856 [INFO]  * Debugger PIN: 450-662-830
2025-04-22 23:12:41,917 [INFO]  * Detected change in '/Users/takumi/Desktop/StudyUdab/StudyUdub/app.py', reloading
2025-04-22 23:12:42,247 [WARNING]  * Debugger is active!
2025-04-22 23:12:42,252 [INFO]  * Debugger PIN: 450-662-830
2025-04-22 23:12:45,304 [INFO]  * Detected change in '/Users/takumi/Desktop/StudyUdab/StudyUdub/app.py', reloading
2025-04-22 23:12:45,656 [WARNING]  * Debugger is active!
2025-04-22 23:12:45,660 [INFO]  * Debugger PIN: 450-662-830
2025-04-22 23:12:48,728 [INFO]  * Detected change in '/Users/takumi/Desktop/StudyUdab/StudyUdub/app.py', reloading
2025-04-22 23:12:49,059 [WARNING]  * Debugger is active!
2025-04-22 23:12:49,064 [INFO]  * Debugger PIN: 450-662-830
2025-04-22 23:12:54,151 [INFO]  * Detected change in '/Users/takumi/Desktop/StudyUdab/StudyUdub/app.py', reloading
2025-04-22 23:12:54,494 [WARNING]  * Debugger is active!
2025-04-22 23:12:54,500 [INFO]  * Debugger PIN: 450-662-830
2025-04-22 23:12:56,538 [INFO]  * Detected change in '/Users/takumi/Desktop/StudyUdab/StudyUdub/app.py', reloading
2025-04-22 23:12:56,871 [WARNING]  * Debugger is active!
2025-04-22 23:12:56,876 [INFO]  * Debugger PIN: 450-662-830
2025-04-22 23:12:58,928 [INFO]  * Detected change in '/Users/takumi/Desktop/StudyUdab/StudyUdub/app.py', reloading
2025-04-22 23:12:59,262 [WARNING]  * Debugger is active!
2025-04-22 23:12:59,268 [INFO]  * Debugger PIN: 450-662-830
2025-04-22 23:13:03,346 [INFO]  * Detected change in '/Users/takumi/Desktop/StudyUdab/StudyUdub/app.py', reloading
2025-04-22 23:13:03,722 [WARNING]  * Debugger is active!
2025-04-22 23:13:03,729 [INFO]  * Debugger PIN: 450-662-830
2025-04-22 23:13:22,074 [INFO]  * Detected change in '/Users/takumi/Desktop/StudyUdab/StudyUdub/app.py', reloading
2025-04-22 23:21:27,975 [INFO] [31m[1mWARNING: This is a development server. Do not use it in a production deployment. Use a production WSGI server instead.[0m
 * Running on http://127.0.0.1:5001
2025-04-22 23:21:27,976 [INFO] [33mPress CTRL+C to quit[0m
2025-04-22 23:21:27,976 [INFO]  * Restarting with stat
2025-04-22 23:21:28,212 [WARNING]  * Debugger is active!
2025-04-22 23:21:28,218 [INFO]  * Debugger PIN: 450-662-830
2025-04-22 23:21:31,774 [INFO] 127.0.0.1 - - [22/Apr/2025 23:21:31] "[32mGET / HTTP/1.1[0m" 302 -
2025-04-22 23:21:31,816 [INFO] 127.0.0.1 - - [22/Apr/2025 23:21:31] "GET /login HTTP/1.1" 200 -
2025-04-22 23:21:31,931 [INFO] 127.0.0.1 - - [22/Apr/2025 23:21:31] "[36mGET /static/style.css HTTP/1.1[0m" 304 -
2025-04-22 23:21:35,484 [INFO] User 2025.test.emailaddress@gmail.com logged in - redirecting to 2FA verification
2025-04-22 23:21:35,486 [INFO] 127.0.0.1 - - [22/Apr/2025 23:21:35] "[32mPOST /login HTTP/1.1[0m" 302 -
2025-04-22 23:21:35,490 [INFO] Found student with ID: 1
2025-04-22 23:21:35,492 [INFO] 127.0.0.1 - - [22/Apr/2025 23:21:35] "GET /verify-2fa HTTP/1.1" 200 -
2025-04-22 23:21:35,515 [INFO] 127.0.0.1 - - [22/Apr/2025 23:21:35] "[36mGET /static/style.css HTTP/1.1[0m" 304 -
2025-04-22 23:21:37,445 [INFO] Found student with ID: 1
2025-04-22 23:21:37,451 [INFO] 127.0.0.1 - - [22/Apr/2025 23:21:37] "[32mPOST /verify-2fa HTTP/1.1[0m" 302 -
2025-04-22 23:21:37,462 [INFO] 127.0.0.1 - - [22/Apr/2025 23:21:37] "GET /reset-2fa-request HTTP/1.1" 200 -
2025-04-22 23:21:37,487 [INFO] 127.0.0.1 - - [22/Apr/2025 23:21:37] "[36mGET /static/style.css HTTP/1.1[0m" 304 -
2025-04-22 23:21:47,865 [INFO] 127.0.0.1 - - [22/Apr/2025 23:21:47] "POST /reset-2fa-request HTTP/1.1" 200 -
2025-04-22 23:21:47,899 [INFO] 127.0.0.1 - - [22/Apr/2025 23:21:47] "[36mGET /static/style.css HTTP/1.1[0m" 304 -
2025-04-22 23:21:59,571 [INFO] 127.0.0.1 - - [22/Apr/2025 23:21:59] "GET /reset-2fa/IjIwMjUudGVzdC5lbWFpbGFkZHJlc3NAZ21haWwuY29tIg.aAesyQ.gSde776tAUsB5xXHJPlKAk9Txjg HTTP/1.1" 200 -
2025-04-22 23:21:59,609 [INFO] 127.0.0.1 - - [22/Apr/2025 23:21:59] "[36mGET /static/style.css HTTP/1.1[0m" 304 -
2025-04-22 23:22:05,849 [INFO] 127.0.0.1 - - [22/Apr/2025 23:22:05] "[32mPOST /reset-2fa/IjIwMjUudGVzdC5lbWFpbGFkZHJlc3NAZ21haWwuY29tIg.aAesyQ.gSde776tAUsB5xXHJPlKAk9Txjg HTTP/1.1[0m" 302 -
2025-04-22 23:22:05,854 [INFO] 127.0.0.1 - - [22/Apr/2025 23:22:05] "GET /login HTTP/1.1" 200 -
2025-04-22 23:22:05,882 [INFO] 127.0.0.1 - - [22/Apr/2025 23:22:05] "[36mGET /static/style.css HTTP/1.1[0m" 304 -
2025-04-22 23:22:10,597 [INFO] User 2025.test.emailaddress@gmail.com logged in - redirecting to 2FA verification
2025-04-22 23:22:10,598 [INFO] 127.0.0.1 - - [22/Apr/2025 23:22:10] "[32mPOST /login HTTP/1.1[0m" 302 -
2025-04-22 23:22:10,602 [INFO] Found student with ID: 1
2025-04-22 23:22:10,603 [INFO] 127.0.0.1 - - [22/Apr/2025 23:22:10] "GET /verify-2fa HTTP/1.1" 200 -
2025-04-22 23:22:10,623 [INFO] 127.0.0.1 - - [22/Apr/2025 23:22:10] "[36mGET /static/style.css HTTP/1.1[0m" 304 -
2025-04-22 23:22:17,656 [INFO] Found student with ID: 1
2025-04-22 23:22:17,657 [INFO] Login successful for user ID 1 (2025.test.emailaddress@gmail.com) - redirecting to dashboard
2025-04-22 23:22:17,658 [INFO] 127.0.0.1 - - [22/Apr/2025 23:22:17] "[32mPOST /verify-2fa HTTP/1.1[0m" 302 -
2025-04-22 23:22:17,664 [INFO] 127.0.0.1 - - [22/Apr/2025 23:22:17] "GET /dashboard HTTP/1.1" 200 -
